e:\lecture\2019-2\adv. computer graphics\lecturenote\acg_2\smooth (complete version)\cameranevigation\release\vc120.pdb
e:\lecture\2019-2\adv. computer graphics\lecturenote\acg_2\smooth (complete version)\cameranevigation\release\vertex.obj
e:\lecture\2019-2\adv. computer graphics\lecturenote\acg_2\smooth (complete version)\cameranevigation\release\source.obj
e:\lecture\2019-2\adv. computer graphics\lecturenote\acg_2\smooth (complete version)\cameranevigation\release\mesh.obj
e:\lecture\2019-2\adv. computer graphics\lecturenote\acg_2\smooth (complete version)\cameranevigation\release\face.obj
e:\lecture\2019-2\adv. computer graphics\lecturenote\acg_2\smooth (complete version)\cameranevigation\release\edge.obj
e:\lecture\2019-2\adv. computer graphics\lecturenote\acg_2\smooth (complete version)\release\cameranevigation.exe
e:\lecture\2019-2\adv. computer graphics\lecturenote\acg_2\smooth (complete version)\release\cameranevigation.pdb
c:\users\jonghyunkim\desktop\smooth (complete version)\cameranevigation\release\edge.obj
c:\users\jonghyunkim\desktop\smooth (complete version)\cameranevigation\release\face.obj
c:\users\jonghyunkim\desktop\smooth (complete version)\cameranevigation\release\mesh.obj
c:\users\jonghyunkim\desktop\smooth (complete version)\cameranevigation\release\source.obj
c:\users\jonghyunkim\desktop\smooth (complete version)\cameranevigation\release\vertex.obj
c:\users\jonghyunkim\desktop\smooth (complete version)\cameranevigation\release\vc120.pdb
c:\users\jonghyunkim\desktop\smooth (complete version)\release\cameranevigation.pdb
c:\users\jonghyunkim\desktop\smooth (complete version)\release\cameranevigation.exe
c:\users\jonghyunkim\desktop\smooth (complete version)\cameranevigation\release\cameranevigation.tlog\cl.command.1.tlog
c:\users\jonghyunkim\desktop\smooth (complete version)\cameranevigation\release\cameranevigation.tlog\cl.read.1.tlog
c:\users\jonghyunkim\desktop\smooth (complete version)\cameranevigation\release\cameranevigation.tlog\cl.write.1.tlog
c:\users\jonghyunkim\desktop\smooth (complete version)\cameranevigation\release\cameranevigation.tlog\link.command.1.tlog
c:\users\jonghyunkim\desktop\smooth (complete version)\cameranevigation\release\cameranevigation.tlog\link.read.1.tlog
c:\users\jonghyunkim\desktop\smooth (complete version)\cameranevigation\release\cameranevigation.tlog\link.write.1.tlog
